

*******************************************************************************
Tue Mar 09 14:55:15 2021


FIT:    data read from "linearSearch.out" using 1:3
        format = x:z
        x range restricted to [0.00000 : 110000.]
        #datapoints = 10
        residuals are weighted equally (unit weight)

function used for fitting: f(x)
	f(x) = ax+b
fitted parameters initialized with current variable values



*******************************************************************************
Tue Mar 09 14:55:25 2021


FIT:    data read from "linearSearch.out" using 1:3
        format = x:z
        x range restricted to [0.00000 : 110000.]
        #datapoints = 10
        residuals are weighted equally (unit weight)

function used for fitting: f(x)
	f(x) = a*x+b
fitted parameters initialized with current variable values

iter      chisq       delta/lim  lambda   a             b            
   0 3.8436838126e+10   0.00e+00  4.39e+04    1.000000e+00   1.000000e+00
   8 3.1254470764e+01  -1.15e-04  4.39e-04    8.484727e-04  -9.496000e-01

After 8 iterations the fit converged.
final sum of squares of residuals : 31.2545
rel. change during last iteration : -1.15229e-09

degrees of freedom    (FIT_NDF)                        : 8
rms of residuals      (FIT_STDFIT) = sqrt(WSSR/ndf)    : 1.97656
variance of residuals (reduced chisquare) = WSSR/ndf   : 3.90681

Final set of parameters            Asymptotic Standard Error
=======================            ==========================
a               = 0.000848473      +/- 2.176e-05    (2.565%)
b               = -0.9496          +/- 1.35         (142.2%)

correlation matrix of the fit parameters:
                a      b      
a               1.000 
b              -0.886  1.000 


*******************************************************************************
Tue Mar 09 14:56:17 2021


FIT:    data read from "linearSearch.out" using 1:4
        format = x:z
        x range restricted to [0.00000 : 110000.]
        #datapoints = 10
        residuals are weighted equally (unit weight)

function used for fitting: g(x)
	g(x) = c*x+d
fitted parameters initialized with current variable values



*******************************************************************************
Tue Mar 09 14:56:29 2021


FIT:    data read from "linearSearch.out" using 1:4
        format = x:z
        x range restricted to [0.00000 : 110000.]
        #datapoints = 10
        residuals are weighted equally (unit weight)

function used for fitting: g(x)
	g(x) = c*x+d
fitted parameters initialized with current variable values

iter      chisq       delta/lim  lambda   c             d            
   0 3.8483754076e+10   0.00e+00  4.39e+04    1.000000e+00   1.000000e+00
   8 5.3893825455e-01  -7.80e-04  4.39e-04    2.205255e-04   3.338000e-01

After 8 iterations the fit converged.
final sum of squares of residuals : 0.538938
rel. change during last iteration : -7.80266e-09

degrees of freedom    (FIT_NDF)                        : 8
rms of residuals      (FIT_STDFIT) = sqrt(WSSR/ndf)    : 0.259552
variance of residuals (reduced chisquare) = WSSR/ndf   : 0.0673673

Final set of parameters            Asymptotic Standard Error
=======================            ==========================
c               = 0.000220525      +/- 2.858e-06    (1.296%)
d               = 0.3338           +/- 0.1773       (53.12%)

correlation matrix of the fit parameters:
                c      d      
c               1.000 
d              -0.886  1.000 


*******************************************************************************
Tue Mar 16 14:34:10 2021


FIT:    data read from "selection.out" using 1:2
        format = x:z
        x range restricted to [0.00000 : 12000.0]
        #datapoints = 10
        residuals are weighted equally (unit weight)

function used for fitting: f(x)
	f(x) = a*x**2 + b*x + c
fitted parameters initialized with current variable values

iter      chisq       delta/lim  lambda   a             b             c            
   0 2.5316628133e+16   0.00e+00  2.91e+07    1.000000e+00   1.000000e+00   1.000000e+00
  11 5.1630450990e+06  -1.14e-03  2.91e-04    6.518527e-04  -2.075238e+00   2.537433e+03

After 11 iterations the fit converged.
final sum of squares of residuals : 5.16305e+06
rel. change during last iteration : -1.13635e-08

degrees of freedom    (FIT_NDF)                        : 7
rms of residuals      (FIT_STDFIT) = sqrt(WSSR/ndf)    : 858.824
variance of residuals (reduced chisquare) = WSSR/ndf   : 737578

Final set of parameters            Asymptotic Standard Error
=======================            ==========================
a               = 0.000651853      +/- 3.738e-05    (5.734%)
b               = -2.07524         +/- 0.4219       (20.33%)
c               = 2537.43          +/- 1010         (39.81%)

correlation matrix of the fit parameters:
                a      b      c      
a               1.000 
b              -0.975  1.000 
c               0.814 -0.909  1.000 
